2015/06/23 12:50:43 [localhost-startStop-1] INFO  o.s.web.context.ContextLoader - Root WebApplicationContext: initialization started
2015/06/23 12:50:43 [localhost-startStop-1] INFO  o.s.w.c.s.XmlWebApplicationContext - Refreshing Root WebApplicationContext: startup date [Tue Jun 23 12:50:43 CST 2015]; root of context hierarchy
2015/06/23 12:50:43 [localhost-startStop-1] INFO  o.s.b.f.xml.XmlBeanDefinitionReader - Loading XML bean definitions from ServletContext resource [/WEB-INF/spring/root-context.xml]
2015/06/23 12:50:43 [localhost-startStop-1] INFO  o.s.web.context.ContextLoader - Root WebApplicationContext: initialization completed in 189 ms
2015/06/23 12:50:43 [localhost-startStop-1] INFO  o.s.web.servlet.DispatcherServlet - FrameworkServlet 'appServlet': initialization started
2015/06/23 12:50:43 [localhost-startStop-1] INFO  o.s.w.c.s.XmlWebApplicationContext - Refreshing WebApplicationContext for namespace 'appServlet-servlet': startup date [Tue Jun 23 12:50:43 CST 2015]; parent: Root WebApplicationContext
2015/06/23 12:50:43 [localhost-startStop-1] INFO  o.s.b.f.xml.XmlBeanDefinitionReader - Loading XML bean definitions from ServletContext resource [/WEB-INF/spring/appServlet/servlet-context.xml]
2015/06/23 12:50:43 [localhost-startStop-1] INFO  o.s.b.f.xml.XmlBeanDefinitionReader - Loading XML bean definitions from ServletContext resource [/WEB-INF/spring/appServlet/controllers.xml]
2015/06/23 12:50:43 [localhost-startStop-1] INFO  o.s.b.f.xml.XmlBeanDefinitionReader - Loading XML bean definitions from ServletContext resource [/WEB-INF/spring/appServlet/application-context.xml]
2015/06/23 12:50:43 [localhost-startStop-1] INFO  o.s.b.f.c.PropertyPlaceholderConfigurer - Loading properties file from URL [file:resources/application.properties]
2015/06/23 12:50:43 [localhost-startStop-1] INFO  o.s.b.f.a.AutowiredAnnotationBeanPostProcessor - JSR-330 'javax.inject.Inject' annotation found and supported for autowiring
2015/06/23 12:50:43 [localhost-startStop-1] INFO  o.s.w.s.m.m.a.RequestMappingHandlerMapping - Mapped "{[/objectClasses],methods=[POST],params=[],headers=[],consumes=[],produces=[],custom=[]}" onto public java.lang.String com.spring.mvc.mini.web.ObjectClassesController.submit(org.springframework.ui.Model,java.lang.String,org.springframework.beans.support.PagedListHolder<java.util.ArrayList<com.spring.mvc.mini.pojo.ObjectClass>>,boolean,org.springframework.web.servlet.mvc.support.RedirectAttributes)
2015/06/23 12:50:43 [localhost-startStop-1] INFO  o.s.w.s.m.m.a.RequestMappingHandlerMapping - Mapped "{[/objectClasses],methods=[GET],params=[],headers=[],consumes=[],produces=[],custom=[]}" onto public java.lang.String com.spring.mvc.mini.web.ObjectClassesController.enrichobjectClassesType(org.springframework.ui.Model,java.lang.String)
2015/06/23 12:50:43 [localhost-startStop-1] INFO  o.s.w.s.m.m.a.RequestMappingHandlerMapping - Mapped "{[/objectClasses],methods=[GET],params=[jumppage],headers=[],consumes=[],produces=[],custom=[]}" onto public java.lang.String com.spring.mvc.mini.web.ObjectClassesController.handleObjectClassPagination(org.springframework.ui.Model,java.lang.String,org.springframework.beans.support.PagedListHolder<java.util.ArrayList<com.spring.mvc.mini.pojo.ObjectClass>>)
2015/06/23 12:50:43 [localhost-startStop-1] INFO  o.s.w.s.m.m.a.RequestMappingHandlerMapping - Mapped "{[/objectClasses],methods=[GET],params=[searchcritical],headers=[],consumes=[],produces=[],custom=[]}" onto public java.lang.String com.spring.mvc.mini.web.ObjectClassesController.searchObjectClass(org.springframework.ui.Model,java.lang.String)
2015/06/23 12:50:43 [localhost-startStop-1] INFO  o.s.w.s.m.m.a.RequestMappingHandlerMapping - Mapped "{[/objectclassform],methods=[POST],params=[objclscount],headers=[],consumes=[],produces=[],custom=[]}" onto public void com.spring.mvc.mini.web.ObjectClassFormController.handleObjectClassFormWithParam(com.spring.mvc.mini.pojo.ObjectClassesType,com.spring.mvc.mini.pojo.UserInfo,java.lang.String,java.lang.String,org.springframework.ui.Model)
2015/06/23 12:50:43 [localhost-startStop-1] INFO  o.s.w.s.m.m.a.RequestMappingHandlerMapping - Mapped "{[/objectclassform],methods=[POST],params=[],headers=[],consumes=[],produces=[],custom=[]}" onto public java.lang.String com.spring.mvc.mini.web.ObjectClassFormController.handleSubmit(com.spring.mvc.mini.pojo.ObjectClassesType,com.spring.mvc.mini.pojo.UserInfo,java.lang.String,boolean,org.springframework.ui.Model,org.springframework.web.servlet.mvc.support.RedirectAttributes)
2015/06/23 12:50:43 [localhost-startStop-1] INFO  o.s.w.s.m.m.a.RequestMappingHandlerMapping - Mapped "{[/objectclassform],methods=[GET],params=[],headers=[],consumes=[],produces=[],custom=[]}" onto public void com.spring.mvc.mini.web.ObjectClassFormController.handleObjectClassForm(org.springframework.ui.Model,com.spring.mvc.mini.pojo.UserInfo,java.lang.String)
2015/06/23 12:50:43 [localhost-startStop-1] INFO  o.s.w.s.m.m.a.RequestMappingHandlerMapping - Mapped "{[/objectclassxml],methods=[GET],params=[],headers=[],consumes=[],produces=[],custom=[]}" onto public org.springframework.http.HttpEntity<[B> com.spring.mvc.mini.web.ObjectClassXmlController.getObjectClassesXml(org.springframework.ui.ModelMap,javax.servlet.http.HttpServletResponse)
2015/06/23 12:50:43 [localhost-startStop-1] INFO  o.s.w.s.m.m.a.RequestMappingHandlerMapping - Mapped "{[/requeststatus],methods=[POST],params=[],headers=[],consumes=[],produces=[],custom=[]}" onto public java.lang.String com.spring.mvc.mini.web.RequestStatusController.submit(com.spring.mvc.mini.pojo.RequestStatus,boolean,org.springframework.ui.Model,org.springframework.web.servlet.mvc.support.RedirectAttributes)
2015/06/23 12:50:43 [localhost-startStop-1] INFO  o.s.w.s.m.m.a.RequestMappingHandlerMapping - Mapped "{[/requeststatus],methods=[GET],params=[mocrid],headers=[],consumes=[],produces=[],custom=[]}" onto public void com.spring.mvc.mini.web.RequestStatusController.enrichObjectClassFormWithParam(java.lang.String,org.springframework.ui.Model)
2015/06/23 12:50:43 [localhost-startStop-1] INFO  o.s.w.s.m.m.a.RequestMappingHandlerMapping - Mapped "{[/requeststatus],methods=[GET],params=[],headers=[],consumes=[],produces=[],custom=[]}" onto public void com.spring.mvc.mini.web.RequestStatusController.handleObjectClassForm(org.springframework.ui.Model)
2015/06/23 12:50:43 [localhost-startStop-1] INFO  o.s.w.s.m.m.a.RequestMappingHandlerMapping - Mapped "{[/userinfoform],methods=[POST],params=[],headers=[],consumes=[],produces=[],custom=[]}" onto public java.lang.String com.spring.mvc.mini.web.UserInfoFormController.submit(com.spring.mvc.mini.pojo.UserInfo,boolean,org.springframework.ui.Model,org.springframework.web.servlet.mvc.support.RedirectAttributes)
2015/06/23 12:50:43 [localhost-startStop-1] INFO  o.s.w.s.m.m.a.RequestMappingHandlerMapping - Mapped "{[/userinfoform],methods=[GET],params=[],headers=[],consumes=[],produces=[],custom=[]}" onto public void com.spring.mvc.mini.web.UserInfoFormController.userinfoForm()
2015/06/23 12:50:43 [localhost-startStop-1] INFO  org.hibernate.validator.util.Version - Hibernate Validator 4.1.0.Final
2015/06/23 12:50:44 [localhost-startStop-1] INFO  o.s.w.s.m.m.a.RequestMappingHandlerAdapter - Looking for @ControllerAdvice: WebApplicationContext for namespace 'appServlet-servlet': startup date [Tue Jun 23 12:50:43 CST 2015]; parent: Root WebApplicationContext
2015/06/23 12:50:44 [localhost-startStop-1] INFO  o.s.w.s.m.m.a.RequestMappingHandlerAdapter - Looking for @ControllerAdvice: WebApplicationContext for namespace 'appServlet-servlet': startup date [Tue Jun 23 12:50:43 CST 2015]; parent: Root WebApplicationContext
2015/06/23 12:50:44 [localhost-startStop-1] INFO  o.s.w.s.h.SimpleUrlHandlerMapping - Mapped URL path [/resources/**] onto handler 'org.springframework.web.servlet.resource.ResourceHttpRequestHandler#0'
2015/06/23 12:50:44 [localhost-startStop-1] INFO  o.s.w.s.h.SimpleUrlHandlerMapping - Root mapping to handler of type [class org.springframework.web.servlet.mvc.ParameterizableViewController]
2015/06/23 12:50:44 [localhost-startStop-1] INFO  o.s.web.servlet.DispatcherServlet - FrameworkServlet 'appServlet': initialization completed in 1116 ms
2015/06/23 12:50:51 [http-bio-8080-exec-7] INFO  c.s.mvc.mini.xml.ObjectClassXMLPaser - Start to checkout
2015/06/23 12:50:51 [http-bio-8080-exec-8] INFO  c.s.mvc.mini.xml.ObjectClassXMLPaser - Start to checkout
2015/06/23 12:50:55 [localhost-startStop-2] INFO  o.s.w.c.s.XmlWebApplicationContext - Closing WebApplicationContext for namespace 'appServlet-servlet': startup date [Tue Jun 23 12:50:43 CST 2015]; parent: Root WebApplicationContext
2015/06/23 12:50:55 [localhost-startStop-2] INFO  o.s.w.c.s.XmlWebApplicationContext - Closing Root WebApplicationContext: startup date [Tue Jun 23 12:50:43 CST 2015]; root of context hierarchy
2015/06/23 12:58:42 [localhost-startStop-1] INFO  o.s.web.context.ContextLoader - Root WebApplicationContext: initialization started
2015/06/23 12:58:42 [localhost-startStop-1] INFO  o.s.w.c.s.XmlWebApplicationContext - Refreshing Root WebApplicationContext: startup date [Tue Jun 23 12:58:42 CST 2015]; root of context hierarchy
2015/06/23 12:58:42 [localhost-startStop-1] INFO  o.s.b.f.xml.XmlBeanDefinitionReader - Loading XML bean definitions from ServletContext resource [/WEB-INF/spring/root-context.xml]
2015/06/23 12:58:42 [localhost-startStop-1] INFO  o.s.web.context.ContextLoader - Root WebApplicationContext: initialization completed in 219 ms
2015/06/23 12:58:42 [localhost-startStop-1] INFO  o.s.web.servlet.DispatcherServlet - FrameworkServlet 'appServlet': initialization started
2015/06/23 12:58:42 [localhost-startStop-1] INFO  o.s.w.c.s.XmlWebApplicationContext - Refreshing WebApplicationContext for namespace 'appServlet-servlet': startup date [Tue Jun 23 12:58:42 CST 2015]; parent: Root WebApplicationContext
2015/06/23 12:58:42 [localhost-startStop-1] INFO  o.s.b.f.xml.XmlBeanDefinitionReader - Loading XML bean definitions from ServletContext resource [/WEB-INF/spring/appServlet/servlet-context.xml]
2015/06/23 12:58:43 [localhost-startStop-1] INFO  o.s.b.f.xml.XmlBeanDefinitionReader - Loading XML bean definitions from ServletContext resource [/WEB-INF/spring/appServlet/controllers.xml]
2015/06/23 12:58:43 [localhost-startStop-1] INFO  o.s.b.f.xml.XmlBeanDefinitionReader - Loading XML bean definitions from ServletContext resource [/WEB-INF/spring/appServlet/application-context.xml]
2015/06/23 12:58:43 [localhost-startStop-1] INFO  o.s.b.f.c.PropertyPlaceholderConfigurer - Loading properties file from URL [file:resources/application.properties]
2015/06/23 12:58:43 [localhost-startStop-1] INFO  o.s.b.f.a.AutowiredAnnotationBeanPostProcessor - JSR-330 'javax.inject.Inject' annotation found and supported for autowiring
2015/06/23 12:58:43 [localhost-startStop-1] INFO  o.s.w.s.m.m.a.RequestMappingHandlerMapping - Mapped "{[/objectClasses],methods=[POST],params=[],headers=[],consumes=[],produces=[],custom=[]}" onto public java.lang.String com.spring.mvc.mini.web.ObjectClassesController.submit(org.springframework.ui.Model,java.lang.String,org.springframework.beans.support.PagedListHolder<java.util.ArrayList<com.spring.mvc.mini.pojo.ObjectClass>>,boolean,org.springframework.web.servlet.mvc.support.RedirectAttributes)
2015/06/23 12:58:43 [localhost-startStop-1] INFO  o.s.w.s.m.m.a.RequestMappingHandlerMapping - Mapped "{[/objectClasses],methods=[GET],params=[],headers=[],consumes=[],produces=[],custom=[]}" onto public java.lang.String com.spring.mvc.mini.web.ObjectClassesController.enrichobjectClassesType(org.springframework.ui.Model,java.lang.String)
2015/06/23 12:58:43 [localhost-startStop-1] INFO  o.s.w.s.m.m.a.RequestMappingHandlerMapping - Mapped "{[/objectClasses],methods=[GET],params=[jumppage],headers=[],consumes=[],produces=[],custom=[]}" onto public java.lang.String com.spring.mvc.mini.web.ObjectClassesController.handleObjectClassPagination(org.springframework.ui.Model,java.lang.String,org.springframework.beans.support.PagedListHolder<java.util.ArrayList<com.spring.mvc.mini.pojo.ObjectClass>>)
2015/06/23 12:58:43 [localhost-startStop-1] INFO  o.s.w.s.m.m.a.RequestMappingHandlerMapping - Mapped "{[/objectClasses],methods=[GET],params=[searchcritical],headers=[],consumes=[],produces=[],custom=[]}" onto public java.lang.String com.spring.mvc.mini.web.ObjectClassesController.searchObjectClass(org.springframework.ui.Model,java.lang.String)
2015/06/23 12:58:43 [localhost-startStop-1] INFO  o.s.w.s.m.m.a.RequestMappingHandlerMapping - Mapped "{[/objectclassform],methods=[POST],params=[objclscount],headers=[],consumes=[],produces=[],custom=[]}" onto public void com.spring.mvc.mini.web.ObjectClassFormController.handleObjectClassFormWithParam(com.spring.mvc.mini.pojo.ObjectClassesType,com.spring.mvc.mini.pojo.UserInfo,java.lang.String,java.lang.String,org.springframework.ui.Model)
2015/06/23 12:58:43 [localhost-startStop-1] INFO  o.s.w.s.m.m.a.RequestMappingHandlerMapping - Mapped "{[/objectclassform],methods=[GET],params=[],headers=[],consumes=[],produces=[],custom=[]}" onto public void com.spring.mvc.mini.web.ObjectClassFormController.handleObjectClassForm(org.springframework.ui.Model,com.spring.mvc.mini.pojo.UserInfo,java.lang.String)
2015/06/23 12:58:43 [localhost-startStop-1] INFO  o.s.w.s.m.m.a.RequestMappingHandlerMapping - Mapped "{[/objectclassform],methods=[POST],params=[],headers=[],consumes=[],produces=[],custom=[]}" onto public java.lang.String com.spring.mvc.mini.web.ObjectClassFormController.handleSubmit(com.spring.mvc.mini.pojo.ObjectClassesType,com.spring.mvc.mini.pojo.UserInfo,java.lang.String,boolean,org.springframework.ui.Model,org.springframework.web.servlet.mvc.support.RedirectAttributes)
2015/06/23 12:58:43 [localhost-startStop-1] INFO  o.s.w.s.m.m.a.RequestMappingHandlerMapping - Mapped "{[/objectclassxml],methods=[GET],params=[],headers=[],consumes=[],produces=[],custom=[]}" onto public org.springframework.http.HttpEntity<[B> com.spring.mvc.mini.web.ObjectClassXmlController.getObjectClassesXml(org.springframework.ui.ModelMap,javax.servlet.http.HttpServletResponse)
2015/06/23 12:58:43 [localhost-startStop-1] INFO  o.s.w.s.m.m.a.RequestMappingHandlerMapping - Mapped "{[/requeststatus],methods=[POST],params=[],headers=[],consumes=[],produces=[],custom=[]}" onto public java.lang.String com.spring.mvc.mini.web.RequestStatusController.submit(com.spring.mvc.mini.pojo.RequestStatus,boolean,org.springframework.ui.Model,org.springframework.web.servlet.mvc.support.RedirectAttributes)
2015/06/23 12:58:43 [localhost-startStop-1] INFO  o.s.w.s.m.m.a.RequestMappingHandlerMapping - Mapped "{[/requeststatus],methods=[GET],params=[mocrid],headers=[],consumes=[],produces=[],custom=[]}" onto public void com.spring.mvc.mini.web.RequestStatusController.enrichObjectClassFormWithParam(java.lang.String,org.springframework.ui.Model)
2015/06/23 12:58:43 [localhost-startStop-1] INFO  o.s.w.s.m.m.a.RequestMappingHandlerMapping - Mapped "{[/requeststatus],methods=[GET],params=[],headers=[],consumes=[],produces=[],custom=[]}" onto public void com.spring.mvc.mini.web.RequestStatusController.handleObjectClassForm(org.springframework.ui.Model)
2015/06/23 12:58:43 [localhost-startStop-1] INFO  o.s.w.s.m.m.a.RequestMappingHandlerMapping - Mapped "{[/userinfoform],methods=[POST],params=[],headers=[],consumes=[],produces=[],custom=[]}" onto public java.lang.String com.spring.mvc.mini.web.UserInfoFormController.submit(com.spring.mvc.mini.pojo.UserInfo,boolean,org.springframework.ui.Model,org.springframework.web.servlet.mvc.support.RedirectAttributes)
2015/06/23 12:58:43 [localhost-startStop-1] INFO  o.s.w.s.m.m.a.RequestMappingHandlerMapping - Mapped "{[/userinfoform],methods=[GET],params=[],headers=[],consumes=[],produces=[],custom=[]}" onto public void com.spring.mvc.mini.web.UserInfoFormController.userinfoForm()
2015/06/23 12:58:43 [localhost-startStop-1] INFO  org.hibernate.validator.util.Version - Hibernate Validator 4.1.0.Final
2015/06/23 12:58:43 [localhost-startStop-1] INFO  o.s.w.s.m.m.a.RequestMappingHandlerAdapter - Looking for @ControllerAdvice: WebApplicationContext for namespace 'appServlet-servlet': startup date [Tue Jun 23 12:58:42 CST 2015]; parent: Root WebApplicationContext
2015/06/23 12:58:43 [localhost-startStop-1] INFO  o.s.w.s.m.m.a.RequestMappingHandlerAdapter - Looking for @ControllerAdvice: WebApplicationContext for namespace 'appServlet-servlet': startup date [Tue Jun 23 12:58:42 CST 2015]; parent: Root WebApplicationContext
2015/06/23 12:58:43 [localhost-startStop-1] INFO  o.s.w.s.h.SimpleUrlHandlerMapping - Mapped URL path [/resources/**] onto handler 'org.springframework.web.servlet.resource.ResourceHttpRequestHandler#0'
2015/06/23 12:58:43 [localhost-startStop-1] INFO  o.s.w.s.h.SimpleUrlHandlerMapping - Root mapping to handler of type [class org.springframework.web.servlet.mvc.ParameterizableViewController]
2015/06/23 12:58:43 [localhost-startStop-1] INFO  o.s.web.servlet.DispatcherServlet - FrameworkServlet 'appServlet': initialization completed in 1107 ms
2015/06/23 12:59:21 [http-bio-8080-exec-9] INFO  c.s.mvc.mini.xml.ObjectClassXMLPaser - Start to checkout
2015/06/23 12:59:21 [http-bio-8080-exec-10] INFO  c.s.mvc.mini.xml.ObjectClassXMLPaser - Start to checkout
2015/06/23 12:59:27 [localhost-startStop-2] INFO  o.s.w.c.s.XmlWebApplicationContext - Closing WebApplicationContext for namespace 'appServlet-servlet': startup date [Tue Jun 23 12:58:42 CST 2015]; parent: Root WebApplicationContext
2015/06/23 12:59:27 [localhost-startStop-2] INFO  o.s.w.c.s.XmlWebApplicationContext - Closing Root WebApplicationContext: startup date [Tue Jun 23 12:58:42 CST 2015]; root of context hierarchy
2015/08/10 10:48:03 [localhost-startStop-1] INFO  o.s.web.context.ContextLoader - Root WebApplicationContext: initialization started
2015/08/10 10:48:03 [localhost-startStop-1] INFO  o.s.w.c.s.XmlWebApplicationContext - Refreshing Root WebApplicationContext: startup date [Mon Aug 10 10:48:03 CST 2015]; root of context hierarchy
2015/08/10 10:48:03 [localhost-startStop-1] INFO  o.s.b.f.xml.XmlBeanDefinitionReader - Loading XML bean definitions from ServletContext resource [/WEB-INF/spring/root-context.xml]
2015/08/10 10:48:03 [localhost-startStop-1] INFO  o.s.web.context.ContextLoader - Root WebApplicationContext: initialization completed in 263 ms
2015/08/10 10:48:03 [localhost-startStop-1] INFO  o.s.web.servlet.DispatcherServlet - FrameworkServlet 'appServlet': initialization started
2015/08/10 10:48:03 [localhost-startStop-1] INFO  o.s.w.c.s.XmlWebApplicationContext - Refreshing WebApplicationContext for namespace 'appServlet-servlet': startup date [Mon Aug 10 10:48:03 CST 2015]; parent: Root WebApplicationContext
2015/08/10 10:48:03 [localhost-startStop-1] INFO  o.s.b.f.xml.XmlBeanDefinitionReader - Loading XML bean definitions from ServletContext resource [/WEB-INF/spring/appServlet/servlet-context.xml]
2015/08/10 10:48:04 [localhost-startStop-1] INFO  o.s.b.f.xml.XmlBeanDefinitionReader - Loading XML bean definitions from ServletContext resource [/WEB-INF/spring/appServlet/controllers.xml]
2015/08/10 10:48:04 [localhost-startStop-1] INFO  o.s.b.f.xml.XmlBeanDefinitionReader - Loading XML bean definitions from ServletContext resource [/WEB-INF/spring/appServlet/application-context.xml]
2015/08/10 10:48:04 [localhost-startStop-1] INFO  o.s.b.f.c.PropertyPlaceholderConfigurer - Loading properties file from URL [file:resources/application.properties]
2015/08/10 10:48:04 [localhost-startStop-1] INFO  o.s.b.f.a.AutowiredAnnotationBeanPostProcessor - JSR-330 'javax.inject.Inject' annotation found and supported for autowiring
2015/08/10 10:48:04 [localhost-startStop-1] INFO  o.s.w.s.m.m.a.RequestMappingHandlerMapping - Mapped "{[/objectClasses],methods=[POST],params=[],headers=[],consumes=[],produces=[],custom=[]}" onto public java.lang.String com.spring.mvc.mini.web.ObjectClassesController.submit(org.springframework.ui.Model,java.lang.String,org.springframework.beans.support.PagedListHolder<java.util.ArrayList<com.spring.mvc.mini.pojo.ObjectClass>>,boolean,org.springframework.web.servlet.mvc.support.RedirectAttributes)
2015/08/10 10:48:04 [localhost-startStop-1] INFO  o.s.w.s.m.m.a.RequestMappingHandlerMapping - Mapped "{[/objectClasses],methods=[GET],params=[],headers=[],consumes=[],produces=[],custom=[]}" onto public java.lang.String com.spring.mvc.mini.web.ObjectClassesController.enrichobjectClassesType(org.springframework.ui.Model,java.lang.String)
2015/08/10 10:48:04 [localhost-startStop-1] INFO  o.s.w.s.m.m.a.RequestMappingHandlerMapping - Mapped "{[/objectClasses],methods=[GET],params=[jumppage],headers=[],consumes=[],produces=[],custom=[]}" onto public java.lang.String com.spring.mvc.mini.web.ObjectClassesController.handleObjectClassPagination(org.springframework.ui.Model,java.lang.String,org.springframework.beans.support.PagedListHolder<java.util.ArrayList<com.spring.mvc.mini.pojo.ObjectClass>>)
2015/08/10 10:48:04 [localhost-startStop-1] INFO  o.s.w.s.m.m.a.RequestMappingHandlerMapping - Mapped "{[/objectClasses],methods=[GET],params=[searchcritical],headers=[],consumes=[],produces=[],custom=[]}" onto public java.lang.String com.spring.mvc.mini.web.ObjectClassesController.searchObjectClass(org.springframework.ui.Model,java.lang.String)
2015/08/10 10:48:04 [localhost-startStop-1] INFO  o.s.w.s.m.m.a.RequestMappingHandlerMapping - Mapped "{[/objectclassform],methods=[GET],params=[],headers=[],consumes=[],produces=[],custom=[]}" onto public void com.spring.mvc.mini.web.ObjectClassFormController.handleObjectClassForm(org.springframework.ui.Model,com.spring.mvc.mini.pojo.UserInfo,java.lang.String)
2015/08/10 10:48:04 [localhost-startStop-1] INFO  o.s.w.s.m.m.a.RequestMappingHandlerMapping - Mapped "{[/objectclassform],methods=[POST],params=[objclscount],headers=[],consumes=[],produces=[],custom=[]}" onto public void com.spring.mvc.mini.web.ObjectClassFormController.handleObjectClassFormWithParam(com.spring.mvc.mini.pojo.ObjectClassesType,com.spring.mvc.mini.pojo.UserInfo,java.lang.String,java.lang.String,org.springframework.ui.Model)
2015/08/10 10:48:04 [localhost-startStop-1] INFO  o.s.w.s.m.m.a.RequestMappingHandlerMapping - Mapped "{[/objectclassform],methods=[POST],params=[],headers=[],consumes=[],produces=[],custom=[]}" onto public java.lang.String com.spring.mvc.mini.web.ObjectClassFormController.handleSubmit(com.spring.mvc.mini.pojo.ObjectClassesType,com.spring.mvc.mini.pojo.UserInfo,java.lang.String,boolean,org.springframework.ui.Model,org.springframework.web.servlet.mvc.support.RedirectAttributes)
2015/08/10 10:48:04 [localhost-startStop-1] INFO  o.s.w.s.m.m.a.RequestMappingHandlerMapping - Mapped "{[/objectclassxml],methods=[GET],params=[],headers=[],consumes=[],produces=[],custom=[]}" onto public org.springframework.http.HttpEntity<[B> com.spring.mvc.mini.web.ObjectClassXmlController.getObjectClassesXml(org.springframework.ui.ModelMap,javax.servlet.http.HttpServletResponse)
2015/08/10 10:48:04 [localhost-startStop-1] INFO  o.s.w.s.m.m.a.RequestMappingHandlerMapping - Mapped "{[/requeststatus],methods=[POST],params=[],headers=[],consumes=[],produces=[],custom=[]}" onto public java.lang.String com.spring.mvc.mini.web.RequestStatusController.submit(com.spring.mvc.mini.pojo.RequestStatus,boolean,org.springframework.ui.Model,org.springframework.web.servlet.mvc.support.RedirectAttributes)
2015/08/10 10:48:04 [localhost-startStop-1] INFO  o.s.w.s.m.m.a.RequestMappingHandlerMapping - Mapped "{[/requeststatus],methods=[GET],params=[],headers=[],consumes=[],produces=[],custom=[]}" onto public void com.spring.mvc.mini.web.RequestStatusController.handleObjectClassForm(org.springframework.ui.Model)
2015/08/10 10:48:04 [localhost-startStop-1] INFO  o.s.w.s.m.m.a.RequestMappingHandlerMapping - Mapped "{[/requeststatus],methods=[GET],params=[mocrid],headers=[],consumes=[],produces=[],custom=[]}" onto public void com.spring.mvc.mini.web.RequestStatusController.enrichObjectClassFormWithParam(java.lang.String,org.springframework.ui.Model)
2015/08/10 10:48:04 [localhost-startStop-1] INFO  o.s.w.s.m.m.a.RequestMappingHandlerMapping - Mapped "{[/userinfoform],methods=[POST],params=[],headers=[],consumes=[],produces=[],custom=[]}" onto public java.lang.String com.spring.mvc.mini.web.UserInfoFormController.submit(com.spring.mvc.mini.pojo.UserInfo,boolean,org.springframework.ui.Model,org.springframework.web.servlet.mvc.support.RedirectAttributes)
2015/08/10 10:48:04 [localhost-startStop-1] INFO  o.s.w.s.m.m.a.RequestMappingHandlerMapping - Mapped "{[/userinfoform],methods=[GET],params=[],headers=[],consumes=[],produces=[],custom=[]}" onto public void com.spring.mvc.mini.web.UserInfoFormController.userinfoForm()
2015/08/10 10:48:04 [localhost-startStop-1] INFO  org.hibernate.validator.util.Version - Hibernate Validator 4.1.0.Final
2015/08/10 10:48:04 [localhost-startStop-1] INFO  o.s.w.s.m.m.a.RequestMappingHandlerAdapter - Looking for @ControllerAdvice: WebApplicationContext for namespace 'appServlet-servlet': startup date [Mon Aug 10 10:48:03 CST 2015]; parent: Root WebApplicationContext
2015/08/10 10:48:04 [localhost-startStop-1] INFO  o.s.w.s.m.m.a.RequestMappingHandlerAdapter - Looking for @ControllerAdvice: WebApplicationContext for namespace 'appServlet-servlet': startup date [Mon Aug 10 10:48:03 CST 2015]; parent: Root WebApplicationContext
2015/08/10 10:48:04 [localhost-startStop-1] INFO  o.s.w.s.h.SimpleUrlHandlerMapping - Mapped URL path [/resources/**] onto handler 'org.springframework.web.servlet.resource.ResourceHttpRequestHandler#0'
2015/08/10 10:48:04 [localhost-startStop-1] INFO  o.s.w.s.h.SimpleUrlHandlerMapping - Root mapping to handler of type [class org.springframework.web.servlet.mvc.ParameterizableViewController]
2015/08/10 10:48:05 [localhost-startStop-1] INFO  o.s.web.servlet.DispatcherServlet - FrameworkServlet 'appServlet': initialization completed in 1198 ms
2015/08/10 10:48:07 [localhost-startStop-1] INFO  o.s.w.c.s.XmlWebApplicationContext - Closing WebApplicationContext for namespace 'appServlet-servlet': startup date [Mon Aug 10 10:48:03 CST 2015]; parent: Root WebApplicationContext
2015/08/10 10:48:07 [localhost-startStop-1] INFO  o.s.w.c.s.XmlWebApplicationContext - Closing Root WebApplicationContext: startup date [Mon Aug 10 10:48:03 CST 2015]; root of context hierarchy
